GROUP,PACKAGE,CLASS,INSTRUCTION_MISSED,INSTRUCTION_COVERED,BRANCH_MISSED,BRANCH_COVERED,LINE_MISSED,LINE_COVERED,COMPLEXITY_MISSED,COMPLEXITY_COVERED,METHOD_MISSED,METHOD_COVERED
event-ledger-api,com.eventledger.entity,Metadata,17,0,0,0,5,0,5,0,5,0
event-ledger-api,com.eventledger.entity,Event,4,48,0,0,1,14,1,14,1,14
event-ledger-api,com.eventledger.service,EventService,2,63,1,3,1,14,1,8,0,7
event-ledger-api,com.eventledger,EventLedgerApiApplication,5,3,0,0,2,1,1,1,1,1
event-ledger-api,com.eventledger.controller,EventController,0,31,0,0,0,8,0,5,0,5
