<?xml version="1.0" encoding="UTF-8"?>
<testsuite xmlns:xsi="http://www.w3.org/2001/XMLSchema-instance" xsi:noNamespaceSchemaLocation="https://maven.apache.org/surefire/maven-surefire-plugin/xsd/surefire-test-report-3.0.xsd" version="3.0" name="com.eventledger.controllerTest.EventControllerTest" time="2.205" tests="3" errors="0" skipped="0" failures="0">
  <properties>
[...]
</properties>
  <testcase name="testGetBalance" classname="com.eventledger.controllerTest.EventControllerTest" time="0.274">
    <system-out><![CDATA[2026-05-30T20:20:49.320Z  INFO 214768 --- [event-ledger-api] [           main] t.c.s.AnnotationConfigContextLoaderUtils : Could not detect default configuration classes for test class [com.eventledger.controllerTest.EventControllerTest]: EventControllerTest does not declare any static, non-private, non-final, nested classes annotated with @Configuration.
2026-05-30T20:20:49.353Z  INFO 214768 --- [event-ledger-api] [           main] .b.t.c.SpringBootTestContextBootstrapper : Found @SpringBootConfiguration com.eventledger.EventLedgerApiApplication for test class com.eventledger.controllerTest.EventControllerTest
2026-05-30T20:20:49.362Z  INFO 214768 --- [event-ledger-api] [           main] o.s.b.d.r.RestartApplicationListener     : Restart disabled due to context in which it is running

  .   ____          _            __ _ _
 /\\ / ___'_ __ _ _(_)_ __  __ _ \ \ \ \
( ( )\___ | '_ | '_| | '_ \/ _` | \ \ \ \
 \\/  ___)| |_)| | | | | || (_| |  ) ) ) )
  '  |____| .__|_| |_|_| |_\__, | / / / /
 =========|_|==============|___/=/_/_/_/
 :: Spring Boot ::                (v3.2.6)

2026-05-30T20:20:49.429Z  INFO 214768 --- [event-ledger-api] [           main] c.e.controllerTest.EventControllerTest   : Starting EventControllerTest using Java 25.0.2 with PID 214768 (started by codespace in /workspaces/event-ledger-api)
2026-05-30T20:20:49.431Z  INFO 214768 --- [event-ledger-api] [           main] c.e.controllerTest.EventControllerTest   : No active profile set, falling back to 1 default profile: "default"
2026-05-30T20:20:50.117Z  INFO 214768 --- [event-ledger-api] [           main] .s.d.r.c.RepositoryConfigurationDelegate : Bootstrapping Spring Data JPA repositories in DEFAULT mode.
2026-05-30T20:20:50.126Z  INFO 214768 --- [event-ledger-api] [           main] .s.d.r.c.RepositoryConfigurationDelegate : Finished Spring Data repository scanning in 7 ms. Found 1 JPA repository interface.
2026-05-30T20:20:50.302Z  INFO 214768 --- [event-ledger-api] [           main] o.hibernate.jpa.internal.util.LogHelper  : HHH000204: Processing PersistenceUnitInfo [name: default]
2026-05-30T20:20:50.304Z  INFO 214768 --- [event-ledger-api] [           main] o.h.c.internal.RegionFactoryInitiator    : HHH000026: Second-level cache disabled
2026-05-30T20:20:50.311Z  INFO 214768 --- [event-ledger-api] [           main] o.s.o.j.p.SpringPersistenceUnitInfo      : No LoadTimeWeaver setup: ignoring JPA class transformer
2026-05-30T20:20:50.312Z  INFO 214768 --- [event-ledger-api] [           main] com.zaxxer.hikari.HikariDataSource       : HikariPool-2 - Starting...
2026-05-30T20:20:50.315Z  INFO 214768 --- [event-ledger-api] [           main] com.zaxxer.hikari.pool.HikariPool        : HikariPool-2 - Added connection conn10: url=jdbc:h2:mem:testdb user=SA
2026-05-30T20:20:50.315Z  INFO 214768 --- [event-ledger-api] [           main] com.zaxxer.hikari.HikariDataSource       : HikariPool-2 - Start completed.
2026-05-30T20:20:50.316Z  WARN 214768 --- [event-ledger-api] [           main] org.hibernate.orm.deprecation            : HHH90000025: H2Dialect does not need to be specified explicitly using 'hibernate.dialect' (remove the property setting and it will be selected by default)
2026-05-30T20:20:50.422Z  INFO 214768 --- [event-ledger-api] [           main] o.h.e.t.j.p.i.JtaPlatformInitiator       : HHH000489: No JTA platform available (set 'hibernate.transaction.jta.platform' to enable JTA platform integration)
2026-05-30T20:20:50.437Z  INFO 214768 --- [event-ledger-api] [           main] j.LocalContainerEntityManagerFactoryBean : Initialized JPA EntityManagerFactory for persistence unit 'default'
2026-05-30T20:20:50.704Z  WARN 214768 --- [event-ledger-api] [           main] JpaBaseConfiguration$JpaWebConfiguration : spring.jpa.open-in-view is enabled by default. Therefore, database queries may be performed during view rendering. Explicitly configure spring.jpa.open-in-view to disable this warning
2026-05-30T20:20:50.903Z  INFO 214768 --- [event-ledger-api] [           main] o.s.b.a.h2.H2ConsoleAutoConfiguration    : H2 console available at '/h2-console'. Database available at 'jdbc:h2:mem:testdb'
2026-05-30T20:20:50.956Z  INFO 214768 --- [event-ledger-api] [           main] o.s.b.t.m.w.SpringBootMockServletContext : Initializing Spring TestDispatcherServlet ''
2026-05-30T20:20:50.956Z  INFO 214768 --- [event-ledger-api] [           main] o.s.t.web.servlet.TestDispatcherServlet  : Initializing Servlet ''
2026-05-30T20:20:50.958Z  INFO 214768 --- [event-ledger-api] [           main] o.s.t.web.servlet.TestDispatcherServlet  : Completed initialization in 1 ms
2026-05-30T20:20:50.977Z  INFO 214768 --- [event-ledger-api] [           main] c.e.controllerTest.EventControllerTest   : Started EventControllerTest in 1.616 seconds (process running for 17.341)
]]></system-out>
  </testcase>
  <testcase name="testGetEventsByAccount" classname="com.eventledger.controllerTest.EventControllerTest" time="0.135"/>
  <testcase name="testCreateEventAndGetById" classname="com.eventledger.controllerTest.EventControllerTest" time="0.124"/>
</testsuite>